2025-08-04 02:28:49 - Starting sync from Foundation to .kiro
sending incremental file list
specs/testing-strategy/
specs/testing-strategy/design.md
specs/testing-strategy/requirements.md
steering/documentation-evolution.md

sent 24,395 bytes  received 83 bytes  48,956.00 bytes/sec
total size is 162,381  speedup is 6.63
2025-08-04 02:28:49 - Sync from Foundation to .kiro completed
2025-08-04 02:28:49 - Starting sync from Foundation to .kiro
sending incremental file list

sent 1,087 bytes  received 19 bytes  2,212.00 bytes/sec
total size is 162,381  speedup is 146.82
2025-08-04 02:28:49 - Sync from Foundation to .kiro completed
2025-08-04 02:28:49 - Starting sync from Foundation to .kiro
sending incremental file list

sent 1,087 bytes  received 19 bytes  2,212.00 bytes/sec
total size is 162,381  speedup is 146.82
2025-08-04 02:28:49 - Sync from Foundation to .kiro completed
2025-08-04 02:28:49 - Starting sync from Foundation to .kiro
sending incremental file list

sent 1,087 bytes  received 19 bytes  2,212.00 bytes/sec
total size is 162,381  speedup is 146.82
2025-08-04 02:28:50 - Sync from Foundation to .kiro completed
2025-08-04 02:28:50 - Starting sync from Foundation to .kiro
sending incremental file list

sent 1,087 bytes  received 19 bytes  2,212.00 bytes/sec
total size is 162,381  speedup is 146.82
2025-08-04 02:28:50 - Sync from Foundation to .kiro completed
2025-08-04 02:28:50 - Starting sync from Foundation to .kiro
sending incremental file list

sent 1,087 bytes  received 19 bytes  2,212.00 bytes/sec
total size is 162,381  speedup is 146.82
2025-08-04 02:28:50 - Sync from Foundation to .kiro completed
2025-08-04 02:28:50 - Starting sync from Foundation to .kiro
sending incremental file list

sent 1,087 bytes  received 19 bytes  2,212.00 bytes/sec
total size is 162,381  speedup is 146.82
2025-08-04 02:28:50 - Sync from Foundation to .kiro completed
2025-08-04 02:28:50 - Starting sync from Foundation to .kiro
sending incremental file list

sent 1,087 bytes  received 19 bytes  2,212.00 bytes/sec
total size is 162,381  speedup is 146.82
2025-08-04 02:28:50 - Sync from Foundation to .kiro completed
2025-08-04 02:28:50 - Starting sync from Foundation to .kiro
sending incremental file list

sent 1,087 bytes  received 19 bytes  2,212.00 bytes/sec
total size is 162,381  speedup is 146.82
2025-08-04 02:28:50 - Sync from Foundation to .kiro completed
2025-08-04 02:28:50 - Starting sync from Foundation to .kiro
sending incremental file list

sent 1,087 bytes  received 19 bytes  2,212.00 bytes/sec
total size is 162,381  speedup is 146.82
2025-08-04 02:28:50 - Sync from Foundation to .kiro completed
2025-08-04 02:28:50 - Starting sync from Foundation to .kiro
sending incremental file list

sent 1,087 bytes  received 19 bytes  2,212.00 bytes/sec
total size is 162,381  speedup is 146.82
2025-08-04 02:28:50 - Sync from Foundation to .kiro completed
2025-08-04 02:28:50 - Starting sync from Foundation to .kiro
sending incremental file list

sent 1,087 bytes  received 19 bytes  2,212.00 bytes/sec
total size is 162,381  speedup is 146.82
2025-08-04 02:28:51 - Sync from Foundation to .kiro completed
2025-08-04 02:28:51 - Starting sync from Foundation to .kiro
sending incremental file list

sent 1,087 bytes  received 19 bytes  2,212.00 bytes/sec
total size is 162,381  speedup is 146.82
2025-08-04 02:28:51 - Sync from Foundation to .kiro completed
2025-08-04 02:28:51 - Starting sync from Foundation to .kiro
sending incremental file list

sent 1,087 bytes  received 19 bytes  2,212.00 bytes/sec
total size is 162,381  speedup is 146.82
2025-08-04 02:28:51 - Sync from Foundation to .kiro completed
2025-08-04 02:28:51 - Starting sync from Foundation to .kiro
sending incremental file list

sent 1,087 bytes  received 19 bytes  2,212.00 bytes/sec
total size is 162,381  speedup is 146.82
2025-08-04 02:28:51 - Sync from Foundation to .kiro completed
2025-08-04 02:28:51 - Starting sync from Foundation to .kiro
sending incremental file list

sent 1,087 bytes  received 19 bytes  2,212.00 bytes/sec
total size is 162,381  speedup is 146.82
2025-08-04 02:28:51 - Sync from Foundation to .kiro completed
2025-08-04 02:28:51 - Starting sync from Foundation to .kiro
sending incremental file list

sent 1,087 bytes  received 19 bytes  2,212.00 bytes/sec
total size is 162,381  speedup is 146.82
2025-08-04 02:28:51 - Sync from Foundation to .kiro completed
2025-08-04 02:28:51 - Starting sync from Foundation to .kiro
sending incremental file list

sent 1,087 bytes  received 19 bytes  2,212.00 bytes/sec
total size is 162,381  speedup is 146.82
2025-08-04 02:28:51 - Sync from Foundation to .kiro completed
2025-08-04 02:28:51 - Starting sync from Foundation to .kiro
sending incremental file list

sent 1,087 bytes  received 19 bytes  2,212.00 bytes/sec
total size is 162,381  speedup is 146.82
2025-08-04 02:28:51 - Sync from Foundation to .kiro completed
2025-08-04 02:28:51 - Starting sync from Foundation to .kiro
sending incremental file list

sent 1,087 bytes  received 19 bytes  2,212.00 bytes/sec
total size is 162,381  speedup is 146.82
2025-08-04 02:28:51 - Sync from Foundation to .kiro completed
2025-08-04 02:28:51 - Starting sync from Foundation to .kiro
sending incremental file list

sent 1,087 bytes  received 19 bytes  2,212.00 bytes/sec
total size is 162,381  speedup is 146.82
2025-08-04 02:28:51 - Sync from Foundation to .kiro completed
2025-08-04 02:28:51 - Starting sync from Foundation to .kiro
sending incremental file list

sent 1,087 bytes  received 19 bytes  2,212.00 bytes/sec
total size is 162,381  speedup is 146.82
2025-08-04 02:28:51 - Sync from Foundation to .kiro completed
2025-08-04 02:28:52 - Starting sync from Foundation to .kiro
sending incremental file list

sent 1,087 bytes  received 19 bytes  2,212.00 bytes/sec
total size is 162,381  speedup is 146.82
2025-08-04 02:28:52 - Sync from Foundation to .kiro completed
2025-08-04 02:28:52 - Starting sync from Foundation to .kiro
sending incremental file list

sent 1,087 bytes  received 19 bytes  2,212.00 bytes/sec
total size is 162,381  speedup is 146.82
2025-08-04 02:28:52 - Sync from Foundation to .kiro completed
2025-08-04 02:28:52 - Starting sync from Foundation to .kiro
sending incremental file list

sent 1,087 bytes  received 19 bytes  2,212.00 bytes/sec
total size is 162,381  speedup is 146.82
2025-08-04 02:28:52 - Sync from Foundation to .kiro completed
2025-08-04 02:28:52 - Starting sync from Foundation to .kiro
sending incremental file list

sent 1,087 bytes  received 19 bytes  2,212.00 bytes/sec
total size is 162,381  speedup is 146.82
2025-08-04 02:28:52 - Sync from Foundation to .kiro completed
2025-08-04 02:28:52 - Starting sync from Foundation to .kiro
sending incremental file list

sent 1,087 bytes  received 19 bytes  2,212.00 bytes/sec
total size is 162,381  speedup is 146.82
2025-08-04 02:28:52 - Sync from Foundation to .kiro completed
2025-08-04 02:28:52 - Starting sync from Foundation to .kiro
sending incremental file list

sent 1,087 bytes  received 19 bytes  2,212.00 bytes/sec
total size is 162,381  speedup is 146.82
2025-08-04 02:28:52 - Sync from Foundation to .kiro completed
2025-08-04 02:28:52 - Starting sync from Foundation to .kiro
sending incremental file list

sent 1,087 bytes  received 19 bytes  2,212.00 bytes/sec
total size is 162,381  speedup is 146.82
2025-08-04 02:28:52 - Sync from Foundation to .kiro completed
2025-08-04 02:28:52 - Starting sync from Foundation to .kiro
sending incremental file list

sent 1,087 bytes  received 19 bytes  2,212.00 bytes/sec
total size is 162,381  speedup is 146.82
2025-08-04 02:28:52 - Sync from Foundation to .kiro completed
2025-08-04 02:28:52 - Starting sync from Foundation to .kiro
sending incremental file list

sent 1,087 bytes  received 19 bytes  2,212.00 bytes/sec
total size is 162,381  speedup is 146.82
2025-08-04 02:28:52 - Sync from Foundation to .kiro completed
